c:\users\irving\documents\sfml\mi primer sfml\intermediate\debug\x64\vc142.pdb
c:\users\irving\documents\sfml\mi primer sfml\intermediate\debug\x64\vc142.idb
c:\users\irving\documents\sfml\mi primer sfml\intermediate\debug\x64\main.obj
c:\users\irving\documents\sfml\mi primer sfml\intermediate\debug\x64\lineaclass.obj
c:\users\irving\documents\sfml\mi primer sfml\intermediate\debug\x64\sortclass.obj
c:\users\irving\documents\sfml\mi primer sfml\intermediate\debug\x64\quicksortclass.obj
c:\users\irving\documents\sfml\mi primer sfml\intermediate\debug\x64\insertionsortclass.obj
c:\users\irving\documents\sfml\mi primer sfml\intermediate\debug\x64\bubblesortclass.obj
c:\users\irving\documents\sfml\mi primer sfml\intermediate\debug\x64\gameobjectclass.obj
c:\users\irving\documents\sfml\mi primer sfml\intermediate\debug\x64\componentclass.obj
c:\users\irving\documents\sfml\mi primer sfml\debug\x64\mi primer sfml.exe
c:\users\irving\documents\sfml\mi primer sfml\debug\x64\mi primer sfml.ilk
c:\users\irving\documents\sfml\mi primer sfml\debug\x64\mi primer sfml.pdb
c:\users\irving\documents\sfml\mi primer sfml\intermediate\debug\x64\bubblesortclass.obj.enc
c:\users\irving\documents\sfml\mi primer sfml\intermediate\debug\x64\insertionsortclass.obj.enc
c:\users\irving\documents\sfml\mi primer sfml\intermediate\debug\x64\main.obj.enc
c:\users\irving\documents\sfml\mi primer sfml\intermediate\debug\x64\mi primer sfml.tlog\cl.command.1.tlog
c:\users\irving\documents\sfml\mi primer sfml\intermediate\debug\x64\mi primer sfml.tlog\cl.read.1.tlog
c:\users\irving\documents\sfml\mi primer sfml\intermediate\debug\x64\mi primer sfml.tlog\cl.write.1.tlog
c:\users\irving\documents\sfml\mi primer sfml\intermediate\debug\x64\mi primer sfml.tlog\link-cvtres.read.1.tlog
c:\users\irving\documents\sfml\mi primer sfml\intermediate\debug\x64\mi primer sfml.tlog\link-cvtres.write.1.tlog
c:\users\irving\documents\sfml\mi primer sfml\intermediate\debug\x64\mi primer sfml.tlog\link-rc.read.1.tlog
c:\users\irving\documents\sfml\mi primer sfml\intermediate\debug\x64\mi primer sfml.tlog\link-rc.write.1.tlog
c:\users\irving\documents\sfml\mi primer sfml\intermediate\debug\x64\mi primer sfml.tlog\link.22456-cvtres.read.1.tlog
c:\users\irving\documents\sfml\mi primer sfml\intermediate\debug\x64\mi primer sfml.tlog\link.22456-cvtres.write.1.tlog
c:\users\irving\documents\sfml\mi primer sfml\intermediate\debug\x64\mi primer sfml.tlog\link.22456-rc.read.1.tlog
c:\users\irving\documents\sfml\mi primer sfml\intermediate\debug\x64\mi primer sfml.tlog\link.22456-rc.write.1.tlog
c:\users\irving\documents\sfml\mi primer sfml\intermediate\debug\x64\mi primer sfml.tlog\link.22456.read.1.tlog
c:\users\irving\documents\sfml\mi primer sfml\intermediate\debug\x64\mi primer sfml.tlog\link.22456.write.1.tlog
c:\users\irving\documents\sfml\mi primer sfml\intermediate\debug\x64\mi primer sfml.tlog\link.command.1.tlog
c:\users\irving\documents\sfml\mi primer sfml\intermediate\debug\x64\mi primer sfml.tlog\link.read.1.tlog
c:\users\irving\documents\sfml\mi primer sfml\intermediate\debug\x64\mi primer sfml.tlog\link.write.1.tlog
